<?xml version="1.0" encoding="UTF-8"?>
<!-- Generated by org.testng.reporters.JUnitXMLReporter -->
<testsuite ignored="0" hostname="LAPTOP-2S3H863K" failures="1" tests="3" name="Nopackage" time="18.985" errors="0" timestamp="2024-11-18T00:16:09 IST">
  <testcase classname="com.ui.tests.LoginTest" name="invalidUserLoginTest" time="4.783"/>
  <testcase classname="com.ui.tests.LoginTest" name="validUserLoginTest" time="2.262"/>
  <testcase classname="com.ui.tests.LoginTest" name="validUserLoginTest" time="1.92">
    <failure type="java.lang.AssertionError" message="expected [Ritesh Mishra] but found [Ahiasiasjioasanjnsaijsa sdsd]">
      <![CDATA[java.lang.AssertionError: expected [Ritesh Mishra] but found [Ahiasiasjioasanjnsaijsa sdsd]
at com.ui.tests.LoginTest.validUserLoginTest(LoginTest.java:19)
at java.base/java.util.concurrent.Executors$RunnableAdapter.call(Executors.java:515)
at java.base/java.util.concurrent.FutureTask.run(FutureTask.java:264)
at java.base/java.util.concurrent.ThreadPoolExecutor.runWorker(ThreadPoolExecutor.java:1128)
at java.base/java.util.concurrent.ThreadPoolExecutor$Worker.run(ThreadPoolExecutor.java:628)
at java.base/java.lang.Thread.run(Thread.java:834)
... Removed 19 stack frames]]>
    </failure>
  </testcase> <!-- validUserLoginTest -->
</testsuite> <!-- Nopackage -->
