<?xml version="1.0" encoding="UTF-8"?>
<testsuite xmlns:xsi="http://www.w3.org/2001/XMLSchema-instance" xsi:noNamespaceSchemaLocation="https://maven.apache.org/surefire/maven-surefire-plugin/xsd/surefire-test-report.xsd" version="3.0.2" name="TestSuite" time="20.18" tests="3" errors="0" skipped="0" failures="1">
  <properties>
[...]
</properties>
  <testcase name="invalidUserLoginTest" classname="com.ui.tests.LoginTest" time="1.874">
    <system-out><![CDATA[2024-11-18 00:15:50 [main] INFO com.ui.listeners.TestListener Test suite started 
2024-11-18 00:15:54 [TestNG-test-Nopackage-1] INFO com.ui.listeners.TestListener invalidUserLoginTest 
2024-11-18 00:15:54 [TestNG-test-Nopackage-1] INFO com.ui.listeners.TestListener Verify invalid user is not able to login 
2024-11-18 00:15:54 [TestNG-test-Nopackage-1] INFO com.ui.listeners.TestListener [sanity] 
2024-11-18 00:15:54 [TestNG-test-Nopackage-1] INFO com.ui.pages.HomePage Trying to click on element By.xpath: //a[contains(text(),'Sign in')] 
2024-11-18 00:15:57 [TestNG-test-Nopackage-2] INFO com.ui.listeners.TestListener validUserLoginTest 
2024-11-18 00:15:57 [TestNG-test-Nopackage-2] INFO com.ui.listeners.TestListener Verify valid user is able to login or not 
2024-11-18 00:15:57 [TestNG-test-Nopackage-2] INFO com.ui.listeners.TestListener [sanity] 
2024-11-18 00:15:57 [TestNG-test-Nopackage-2] INFO com.ui.pages.HomePage Trying to click on element By.xpath: //a[contains(text(),'Sign in')] 
2024-11-18 00:15:58 [TestNG-test-Nopackage-2] INFO com.ui.pages.LoginPage Trying to enter text in By.id: email 
2024-11-18 00:15:58 [TestNG-test-Nopackage-1] INFO com.ui.pages.LoginPage Trying to enter text in By.id: email 
2024-11-18 00:15:58 [TestNG-test-Nopackage-1] INFO com.ui.pages.LoginPage Trying to enter text in By.id: passwd 
2024-11-18 00:15:58 [TestNG-test-Nopackage-2] INFO com.ui.pages.LoginPage Trying to enter text in By.id: passwd 
2024-11-18 00:15:58 [TestNG-test-Nopackage-2] INFO com.ui.pages.LoginPage Trying to click on element By.id: SubmitLogin 
2024-11-18 00:15:58 [TestNG-test-Nopackage-1] INFO com.ui.pages.LoginPage Trying to click on element By.id: SubmitLogin 
]]></system-out>
    <system-err><![CDATA[SLF4J: Failed to load class "org.slf4j.impl.StaticLoggerBinder".
SLF4J: Defaulting to no-operation (NOP) logger implementation
SLF4J: See http://www.slf4j.org/codes.html#StaticLoggerBinder for further details.
Nov 18, 2024 12:15:52 AM org.openqa.selenium.devtools.CdpVersionFinder findNearestMatch
WARNING: Unable to find an exact match for CDP version 130, returning the closest version; found: 129; Please update to a Selenium version that supports CDP version 130
Nov 18, 2024 12:15:52 AM org.openqa.selenium.devtools.CdpVersionFinder findNearestMatch
WARNING: Unable to find an exact match for CDP version 130, returning the closest version; found: 129; Please update to a Selenium version that supports CDP version 130
]]></system-err>
  </testcase>
  <testcase name="validUserLoginTest[com.pojo.User@23e1dcab](1)" classname="com.ui.tests.LoginTest" time="2.26">
    <system-out><![CDATA[2024-11-18 00:15:59 [TestNG-test-Nopackage-1] INFO com.ui.listeners.TestListener invalidUserLoginTest PASSED 
2024-11-18 00:15:59 [TestNG-test-Nopackage-2] INFO com.ui.pages.MyAccountPage Trying to get text from By.xpath: //a[@class='account']//span 
]]></system-out>
  </testcase>
  <testcase name="validUserLoginTest[com.pojo.User@192dec91](2)" classname="com.ui.tests.LoginTest" time="1.925">
    <failure message="expected [Ritesh Mishra] but found [Ahiasiasjioasanjnsaijsa sdsd]" type="java.lang.AssertionError"><![CDATA[java.lang.AssertionError: expected [Ritesh Mishra] but found [Ahiasiasjioasanjnsaijsa sdsd]
	at org.testng.Assert.fail(Assert.java:111)
	at org.testng.Assert.failNotEquals(Assert.java:1578)
	at org.testng.Assert.assertEqualsImpl(Assert.java:150)
	at org.testng.Assert.assertEquals(Assert.java:132)
	at org.testng.Assert.assertEquals(Assert.java:656)
	at org.testng.Assert.assertEquals(Assert.java:666)
	at com.ui.tests.LoginTest.validUserLoginTest(LoginTest.java:19)
	at java.base/jdk.internal.reflect.NativeMethodAccessorImpl.invoke0(Native Method)
	at java.base/jdk.internal.reflect.NativeMethodAccessorImpl.invoke(NativeMethodAccessorImpl.java:62)
	at java.base/jdk.internal.reflect.DelegatingMethodAccessorImpl.invoke(DelegatingMethodAccessorImpl.java:43)
	at java.base/java.lang.reflect.Method.invoke(Method.java:566)
	at org.testng.internal.invokers.MethodInvocationHelper.invokeMethod(MethodInvocationHelper.java:141)
	at org.testng.internal.invokers.TestInvoker.invokeMethod(TestInvoker.java:686)
	at org.testng.internal.invokers.TestInvoker.invokeTestMethod(TestInvoker.java:230)
	at org.testng.internal.invokers.MethodRunner.runInSequence(MethodRunner.java:63)
	at org.testng.internal.invokers.TestInvoker$MethodInvocationAgent.invoke(TestInvoker.java:992)
	at org.testng.internal.invokers.TestInvoker.invokeTestMethods(TestInvoker.java:203)
	at org.testng.internal.invokers.TestMethodWorker.invokeTestMethods(TestMethodWorker.java:154)
	at org.testng.internal.invokers.TestMethodWorker.run(TestMethodWorker.java:134)
	at java.base/java.util.concurrent.Executors$RunnableAdapter.call(Executors.java:515)
	at java.base/java.util.concurrent.FutureTask.run(FutureTask.java:264)
	at org.testng.internal.thread.graph.TestNGFutureTask.run(TestNGFutureTask.java:22)
	at java.base/java.util.concurrent.ThreadPoolExecutor.runWorker(ThreadPoolExecutor.java:1128)
	at java.base/java.util.concurrent.ThreadPoolExecutor$Worker.run(ThreadPoolExecutor.java:628)
	at java.base/java.lang.Thread.run(Thread.java:834)
]]></failure>
    <system-out><![CDATA[2024-11-18 00:15:59 [TestNG-test-Nopackage-2] INFO com.ui.listeners.TestListener validUserLoginTest PASSED 
2024-11-18 00:16:06 [TestNG-test-Nopackage-2] INFO com.ui.listeners.TestListener validUserLoginTest 
2024-11-18 00:16:06 [TestNG-test-Nopackage-2] INFO com.ui.listeners.TestListener Verify valid user is able to login or not 
2024-11-18 00:16:06 [TestNG-test-Nopackage-2] INFO com.ui.listeners.TestListener [sanity] 
2024-11-18 00:16:06 [TestNG-test-Nopackage-2] INFO com.ui.pages.HomePage Trying to click on element By.xpath: //a[contains(text(),'Sign in')] 
2024-11-18 00:16:07 [TestNG-test-Nopackage-2] INFO com.ui.pages.LoginPage Trying to enter text in By.id: email 
2024-11-18 00:16:07 [TestNG-test-Nopackage-2] INFO com.ui.pages.LoginPage Trying to enter text in By.id: passwd 
2024-11-18 00:16:07 [TestNG-test-Nopackage-2] INFO com.ui.pages.LoginPage Trying to click on element By.id: SubmitLogin 
2024-11-18 00:16:08 [TestNG-test-Nopackage-2] INFO com.ui.pages.MyAccountPage Trying to get text from By.xpath: //a[@class='account']//span 
]]></system-out>
    <system-err><![CDATA[Nov 18, 2024 12:16:01 AM org.openqa.selenium.devtools.CdpVersionFinder findNearestMatch
WARNING: Unable to find an exact match for CDP version 130, returning the closest version; found: 129; Please update to a Selenium version that supports CDP version 130
]]></system-err>
  </testcase>
</testsuite>